<?xml version="1.0" encoding="UTF-8"?>
<!-- Generated by org.testng.reporters.JUnitReportReporter -->
<testsuite hostname="LAPTOP-HCMEJUSI" failures="0" tests="3" name="TestNgSessions.OpenCartTest" time="0.009" errors="0" timestamp="2024-06-05T14:23:09 IST" skipped="0">
  <testcase classname="TestNgSessions.OpenCartTest" name="urlTest" time="0.000"/>
  <testcase classname="TestNgSessions.OpenCartTest" name="headerTest" time="0.007"/>
  <testcase classname="TestNgSessions.OpenCartTest" name="titleTest" time="0.002"/>
</testsuite> <!-- TestNgSessions.OpenCartTest -->
