<?xml version="1.0" encoding="UTF-8"?>
<!-- Generated by org.testng.reporters.JUnitReportReporter -->
<testsuite hostname="LAPTOP-HCMEJUSI" failures="0" tests="5" name="TestNgSessions.PriorityTest" time="0.015" errors="0" timestamp="2024-06-05T20:01:55 IST" skipped="0">
  <testcase classname="TestNgSessions.PriorityTest" name="dtest" time="0.001"/>
  <testcase classname="TestNgSessions.PriorityTest" name="ctest" time="0.001"/>
  <testcase classname="TestNgSessions.PriorityTest" name="btest" time="0.011"/>
  <testcase classname="TestNgSessions.PriorityTest" name="etest" time="0.001"/>
  <testcase classname="TestNgSessions.PriorityTest" name="atest" time="0.001"/>
</testsuite> <!-- TestNgSessions.PriorityTest -->
